2021-04-21 15:28:29,519:INFO:PyCaret Supervised Module
2021-04-21 15:28:29,520:INFO:ML Usecase: classification
2021-04-21 15:28:29,520:INFO:version 2.3.0
2021-04-21 15:28:29,520:INFO:Initializing setup()
2021-04-21 15:28:29,520:INFO:setup(target=isFruad, ml_usecase=classification, available_plots={'parameter': 'Hyperparameters', 'auc': 'AUC', 'confusion_matrix': 'Confusion Matrix', 'threshold': 'Threshold', 'pr': 'Precision Recall', 'error': 'Prediction Error', 'class_report': 'Class Report', 'rfe': 'Feature Selection', 'learning': 'Learning Curve', 'manifold': 'Manifold Learning', 'calibration': 'Calibration Curve', 'vc': 'Validation Curve', 'dimension': 'Dimensions', 'feature': 'Feature Importance', 'feature_all': 'Feature Importance (All)', 'boundary': 'Decision Boundary', 'lift': 'Lift Chart', 'gain': 'Gain Chart', 'tree': 'Decision Tree'}, train_size=0.7, test_data=None, preprocess=True, imputation_type=simple, iterative_imputation_iters=5, categorical_features=None, categorical_imputation=constant, categorical_iterative_imputer=lightgbm, ordinal_features=None, high_cardinality_features=None, high_cardinality_method=frequency, numeric_features=None, numeric_imputation=mean, numeric_iterative_imputer=lightgbm, date_features=None, ignore_features=None, normalize=False, normalize_method=zscore, transformation=False, transformation_method=yeo-johnson, handle_unknown_categorical=True, unknown_categorical_method=least_frequent, pca=False, pca_method=linear, pca_components=None, ignore_low_variance=False, combine_rare_levels=False, rare_level_threshold=0.1, bin_numeric_features=None, remove_outliers=False, outliers_threshold=0.05, remove_multicollinearity=False, multicollinearity_threshold=0.9, remove_perfect_collinearity=True, create_clusters=False, cluster_iter=20, polynomial_features=False, polynomial_degree=2, trigonometry_features=False, polynomial_threshold=0.1, group_features=None, group_names=None, feature_selection=False, feature_selection_threshold=0.8, feature_selection_method=classic, feature_interaction=False, feature_ratio=False, interaction_threshold=0.01, fix_imbalance=False, fix_imbalance_method=None, transform_target=False, transform_target_method=box-cox, data_split_shuffle=True, data_split_stratify=False, fold_strategy=stratifiedkfold, fold=10, fold_shuffle=False, fold_groups=None, n_jobs=-1, use_gpu=False, custom_pipeline=None, html=True, session_id=None, log_experiment=False, experiment_name=None, log_plots=False, log_profile=False, log_data=False, silent=False, verbose=True, profile=False, profile_kwargs=None, display=None)
2021-04-21 15:28:29,520:INFO:Checking environment
2021-04-21 15:28:29,520:INFO:python_version: 3.8.5
2021-04-21 15:28:29,520:INFO:python_build: ('default', 'Sep  3 2020 21:29:08')
2021-04-21 15:28:29,520:INFO:machine: AMD64
2021-04-21 15:28:29,520:INFO:platform: Windows-10-10.0.19041-SP0
2021-04-21 15:28:29,520:INFO:Memory: svmem(total=17034301440, available=10260074496, percent=39.8, used=6774226944, free=10260074496)
2021-04-21 15:28:29,520:INFO:Physical Core: 6
2021-04-21 15:28:29,520:INFO:Logical Core: 12
2021-04-21 15:28:29,520:INFO:Checking libraries
2021-04-21 15:28:29,520:INFO:pd==1.1.3
2021-04-21 15:28:29,521:INFO:numpy==1.19.5
2021-04-21 15:28:29,521:INFO:sklearn==0.23.2
2021-04-21 15:28:29,521:INFO:lightgbm==3.2.0
2021-04-21 15:28:29,521:WARNING:catboost not found
2021-04-21 15:28:29,522:WARNING:xgboost not found
2021-04-21 15:28:30,022:INFO:mlflow==1.15.0
2021-04-21 15:28:30,023:INFO:Checking Exceptions
2021-04-21 15:29:36,075:INFO:PyCaret Supervised Module
2021-04-21 15:29:36,076:INFO:ML Usecase: classification
2021-04-21 15:29:36,076:INFO:version 2.3.0
2021-04-21 15:29:36,076:INFO:Initializing setup()
2021-04-21 15:29:36,076:INFO:setup(target=isFruad, ml_usecase=classification, available_plots={'parameter': 'Hyperparameters', 'auc': 'AUC', 'confusion_matrix': 'Confusion Matrix', 'threshold': 'Threshold', 'pr': 'Precision Recall', 'error': 'Prediction Error', 'class_report': 'Class Report', 'rfe': 'Feature Selection', 'learning': 'Learning Curve', 'manifold': 'Manifold Learning', 'calibration': 'Calibration Curve', 'vc': 'Validation Curve', 'dimension': 'Dimensions', 'feature': 'Feature Importance', 'feature_all': 'Feature Importance (All)', 'boundary': 'Decision Boundary', 'lift': 'Lift Chart', 'gain': 'Gain Chart', 'tree': 'Decision Tree'}, train_size=0.7, test_data=None, preprocess=True, imputation_type=simple, iterative_imputation_iters=5, categorical_features=None, categorical_imputation=constant, categorical_iterative_imputer=lightgbm, ordinal_features=None, high_cardinality_features=None, high_cardinality_method=frequency, numeric_features=None, numeric_imputation=mean, numeric_iterative_imputer=lightgbm, date_features=None, ignore_features=None, normalize=False, normalize_method=zscore, transformation=False, transformation_method=yeo-johnson, handle_unknown_categorical=True, unknown_categorical_method=least_frequent, pca=False, pca_method=linear, pca_components=None, ignore_low_variance=False, combine_rare_levels=False, rare_level_threshold=0.1, bin_numeric_features=None, remove_outliers=False, outliers_threshold=0.05, remove_multicollinearity=False, multicollinearity_threshold=0.9, remove_perfect_collinearity=True, create_clusters=False, cluster_iter=20, polynomial_features=False, polynomial_degree=2, trigonometry_features=False, polynomial_threshold=0.1, group_features=None, group_names=None, feature_selection=False, feature_selection_threshold=0.8, feature_selection_method=classic, feature_interaction=False, feature_ratio=False, interaction_threshold=0.01, fix_imbalance=False, fix_imbalance_method=None, transform_target=False, transform_target_method=box-cox, data_split_shuffle=True, data_split_stratify=False, fold_strategy=stratifiedkfold, fold=10, fold_shuffle=False, fold_groups=None, n_jobs=-1, use_gpu=False, custom_pipeline=None, html=True, session_id=None, log_experiment=False, experiment_name=None, log_plots=False, log_profile=False, log_data=False, silent=False, verbose=True, profile=False, profile_kwargs=None, display=None)
2021-04-21 15:29:36,077:INFO:Checking environment
2021-04-21 15:29:36,077:INFO:python_version: 3.8.5
2021-04-21 15:29:36,077:INFO:python_build: ('default', 'Sep  3 2020 21:29:08')
2021-04-21 15:29:36,077:INFO:machine: AMD64
2021-04-21 15:29:36,077:INFO:platform: Windows-10-10.0.19041-SP0
2021-04-21 15:29:36,077:INFO:Memory: svmem(total=17034301440, available=10229526528, percent=39.9, used=6804774912, free=10229526528)
2021-04-21 15:29:36,077:INFO:Physical Core: 6
2021-04-21 15:29:36,077:INFO:Logical Core: 12
2021-04-21 15:29:36,077:INFO:Checking libraries
2021-04-21 15:29:36,077:INFO:pd==1.1.3
2021-04-21 15:29:36,077:INFO:numpy==1.19.5
2021-04-21 15:29:36,077:INFO:sklearn==0.23.2
2021-04-21 15:29:36,077:INFO:lightgbm==3.2.0
2021-04-21 15:29:36,078:WARNING:catboost not found
2021-04-21 15:29:36,078:WARNING:xgboost not found
2021-04-21 15:29:36,078:INFO:mlflow==1.15.0
2021-04-21 15:29:36,079:INFO:Checking Exceptions
2021-04-21 15:30:01,616:INFO:PyCaret Supervised Module
2021-04-21 15:30:01,616:INFO:ML Usecase: classification
2021-04-21 15:30:01,616:INFO:version 2.3.0
2021-04-21 15:30:01,617:INFO:Initializing setup()
2021-04-21 15:30:01,617:INFO:setup(target=isFraud, ml_usecase=classification, available_plots={'parameter': 'Hyperparameters', 'auc': 'AUC', 'confusion_matrix': 'Confusion Matrix', 'threshold': 'Threshold', 'pr': 'Precision Recall', 'error': 'Prediction Error', 'class_report': 'Class Report', 'rfe': 'Feature Selection', 'learning': 'Learning Curve', 'manifold': 'Manifold Learning', 'calibration': 'Calibration Curve', 'vc': 'Validation Curve', 'dimension': 'Dimensions', 'feature': 'Feature Importance', 'feature_all': 'Feature Importance (All)', 'boundary': 'Decision Boundary', 'lift': 'Lift Chart', 'gain': 'Gain Chart', 'tree': 'Decision Tree'}, train_size=0.7, test_data=None, preprocess=True, imputation_type=simple, iterative_imputation_iters=5, categorical_features=None, categorical_imputation=constant, categorical_iterative_imputer=lightgbm, ordinal_features=None, high_cardinality_features=None, high_cardinality_method=frequency, numeric_features=None, numeric_imputation=mean, numeric_iterative_imputer=lightgbm, date_features=None, ignore_features=None, normalize=False, normalize_method=zscore, transformation=False, transformation_method=yeo-johnson, handle_unknown_categorical=True, unknown_categorical_method=least_frequent, pca=False, pca_method=linear, pca_components=None, ignore_low_variance=False, combine_rare_levels=False, rare_level_threshold=0.1, bin_numeric_features=None, remove_outliers=False, outliers_threshold=0.05, remove_multicollinearity=False, multicollinearity_threshold=0.9, remove_perfect_collinearity=True, create_clusters=False, cluster_iter=20, polynomial_features=False, polynomial_degree=2, trigonometry_features=False, polynomial_threshold=0.1, group_features=None, group_names=None, feature_selection=False, feature_selection_threshold=0.8, feature_selection_method=classic, feature_interaction=False, feature_ratio=False, interaction_threshold=0.01, fix_imbalance=False, fix_imbalance_method=None, transform_target=False, transform_target_method=box-cox, data_split_shuffle=True, data_split_stratify=False, fold_strategy=stratifiedkfold, fold=10, fold_shuffle=False, fold_groups=None, n_jobs=-1, use_gpu=False, custom_pipeline=None, html=True, session_id=None, log_experiment=False, experiment_name=None, log_plots=False, log_profile=False, log_data=False, silent=False, verbose=True, profile=False, profile_kwargs=None, display=None)
2021-04-21 15:30:01,617:INFO:Checking environment
2021-04-21 15:30:01,617:INFO:python_version: 3.8.5
2021-04-21 15:30:01,617:INFO:python_build: ('default', 'Sep  3 2020 21:29:08')
2021-04-21 15:30:01,617:INFO:machine: AMD64
2021-04-21 15:30:01,617:INFO:platform: Windows-10-10.0.19041-SP0
2021-04-21 15:30:01,617:INFO:Memory: svmem(total=17034301440, available=10069254144, percent=40.9, used=6965047296, free=10069254144)
2021-04-21 15:30:01,617:INFO:Physical Core: 6
2021-04-21 15:30:01,617:INFO:Logical Core: 12
2021-04-21 15:30:01,617:INFO:Checking libraries
2021-04-21 15:30:01,617:INFO:pd==1.1.3
2021-04-21 15:30:01,617:INFO:numpy==1.19.5
2021-04-21 15:30:01,617:INFO:sklearn==0.23.2
2021-04-21 15:30:01,617:INFO:lightgbm==3.2.0
2021-04-21 15:30:01,618:WARNING:catboost not found
2021-04-21 15:30:01,619:WARNING:xgboost not found
2021-04-21 15:30:01,619:INFO:mlflow==1.15.0
2021-04-21 15:30:01,619:INFO:Checking Exceptions
2021-04-21 15:30:01,619:INFO:Declaring global variables
2021-04-21 15:30:01,619:INFO:USI: 3955
2021-04-21 15:30:01,619:INFO:pycaret_globals: {'X_test', 'stratify_param', 'log_plots_param', '_ml_usecase', 'y_test', 'USI', '_all_metrics', 'X_train', 'iterative_imputation_iters_param', 'prep_pipe', '_available_plots', 'fold_groups_param', 'fix_imbalance_method_param', 'imputation_classifier', 'y', 'transform_target_param', 'seed', 'exp_name_log', 'experiment__', 'target_param', 'fold_generator', 'logging_param', 'n_jobs_param', 'transform_target_method_param', 'html_param', 'data_before_preprocess', '_internal_pipeline', 'display_container', 'create_model_container', 'fix_imbalance_param', '_all_models', 'fold_param', 'X', 'master_model_container', 'y_train', 'gpu_param', '_all_models_internal', 'pycaret_globals', '_gpu_n_jobs_param', 'imputation_regressor', 'fold_shuffle_param'}
2021-04-21 15:30:01,619:INFO:Preparing display monitor
2021-04-21 15:30:01,619:INFO:Preparing display monitor
2021-04-21 15:30:01,632:INFO:Importing libraries
2021-04-21 15:30:01,632:INFO:Copying data for preprocessing
2021-04-21 15:30:01,645:INFO:Declaring preprocessing parameters
2021-04-21 15:30:01,674:INFO:Creating preprocessing pipeline
2021-04-21 15:30:01,858:INFO:Preprocessing pipeline created successfully
2021-04-21 15:30:01,858:ERROR:(Process Exit): setup has been interupted with user command 'quit'. setup must rerun.
2021-04-21 15:30:01,858:INFO:Creating global containers
2021-04-21 15:30:01,860:INFO:Internal pipeline: Pipeline(memory=None, steps=[('empty_step', 'passthrough')], verbose=False)
2021-04-21 15:30:06,375:WARNING:Couldn't import xgboost.XGBClassifier
2021-04-21 15:30:06,376:WARNING:Couldn't import catboost.CatBoostClassifier
2021-04-21 15:30:06,436:WARNING:Couldn't import xgboost.XGBClassifier
2021-04-21 15:30:06,437:WARNING:Couldn't import catboost.CatBoostClassifier
2021-04-21 15:30:06,437:INFO:Creating grid variables
2021-04-21 15:30:06,462:INFO:create_model_container: 0
2021-04-21 15:30:06,462:INFO:master_model_container: 0
2021-04-21 15:30:06,462:INFO:display_container: 1
2021-04-21 15:30:06,466:INFO:Pipeline(memory=None,
         steps=[('dtypes',
                 DataTypes_Auto_infer(categorical_features=[],
                                      display_types=True, features_todrop=[],
                                      id_columns=[],
                                      ml_usecase='classification',
                                      numerical_features=[], target='isFraud',
                                      time_features=[])),
                ('imputer',
                 Simple_Imputer(categorical_strategy='not_available',
                                fill_value_categorical=None,
                                fill_value_numerical=None,
                                numeric_stra...
                ('scaling', 'passthrough'), ('P_transform', 'passthrough'),
                ('binn', 'passthrough'), ('rem_outliers', 'passthrough'),
                ('cluster_all', 'passthrough'),
                ('dummy', Dummify(target='isFraud')),
                ('fix_perfect', Remove_100(target='isFraud')),
                ('clean_names', Clean_Colum_Names()),
                ('feature_select', 'passthrough'), ('fix_multi', 'passthrough'),
                ('dfs', 'passthrough'), ('pca', 'passthrough')],
         verbose=False)
2021-04-21 15:30:06,466:INFO:setup() succesfully completed......................................
2021-04-21 15:31:00,838:INFO:Initializing compare_models()
2021-04-21 15:31:00,838:INFO:compare_models(include=None, fold=None, round=4, cross_validation=True, sort=Accuracy, n_select=1, budget_time=None, turbo=True, errors=ignore, fit_kwargs=None, groups=None, verbose=True, display=None, exclude=None)
2021-04-21 15:31:00,838:INFO:Checking exceptions
2021-04-21 15:31:00,842:INFO:Preparing display monitor
2021-04-21 15:31:00,843:INFO:Preparing display monitor
2021-04-21 15:31:00,866:INFO:Initializing Logistic Regression
2021-04-21 15:31:00,866:INFO:Total runtime is 0.0 minutes
2021-04-21 15:31:00,873:INFO:SubProcess create_model() called ==================================
2021-04-21 15:31:00,873:INFO:Initializing create_model()
2021-04-21 15:31:00,873:INFO:create_model(estimator=lr, fold=StratifiedKFold(n_splits=10, random_state=None, shuffle=False), round=4, cross_validation=True, predict=True, fit_kwargs={}, groups=None, refit=False, verbose=False, system=False, metrics=None, display=<pycaret.internal.Display.Display object at 0x0000024873E4AEE0>, kwargs={})
2021-04-21 15:31:00,873:INFO:Checking exceptions
2021-04-21 15:31:00,873:INFO:Importing libraries
2021-04-21 15:31:00,873:INFO:Copying training dataset
2021-04-21 15:31:00,877:INFO:Defining folds
2021-04-21 15:31:00,877:INFO:Declaring metric variables
2021-04-21 15:31:00,884:INFO:Importing untrained model
2021-04-21 15:31:00,891:INFO:Logistic Regression Imported succesfully
2021-04-21 15:31:00,904:INFO:Starting cross validation
2021-04-21 15:31:00,904:INFO:Cross validating with StratifiedKFold(n_splits=10, random_state=None, shuffle=False), n_jobs=-1
2021-04-21 15:31:21,548:INFO:Calculating mean and std
2021-04-21 15:31:21,549:INFO:Creating metrics dataframe
2021-04-21 15:31:21,553:INFO:Uploading results into container
2021-04-21 15:31:21,553:INFO:Uploading model into container now
2021-04-21 15:31:21,553:INFO:create_model_container: 1
2021-04-21 15:31:21,553:INFO:master_model_container: 1
2021-04-21 15:31:21,553:INFO:display_container: 2
2021-04-21 15:31:21,554:INFO:LogisticRegression(C=1.0, class_weight=None, dual=False, fit_intercept=True,
                   intercept_scaling=1, l1_ratio=None, max_iter=1000,
                   multi_class='auto', n_jobs=None, penalty='l2',
                   random_state=3398, solver='lbfgs', tol=0.0001, verbose=0,
                   warm_start=False)
2021-04-21 15:31:21,554:INFO:create_model() succesfully completed......................................
2021-04-21 15:31:21,616:INFO:SubProcess create_model() end ==================================
2021-04-21 15:31:21,616:INFO:Creating metrics dataframe
2021-04-21 15:31:21,628:INFO:Initializing K Neighbors Classifier
2021-04-21 15:31:21,628:INFO:Total runtime is 0.34602620601654055 minutes
2021-04-21 15:31:21,634:INFO:SubProcess create_model() called ==================================
2021-04-21 15:31:21,635:INFO:Initializing create_model()
2021-04-21 15:31:21,635:INFO:create_model(estimator=knn, fold=StratifiedKFold(n_splits=10, random_state=None, shuffle=False), round=4, cross_validation=True, predict=True, fit_kwargs={}, groups=None, refit=False, verbose=False, system=False, metrics=None, display=<pycaret.internal.Display.Display object at 0x0000024873E4AEE0>, kwargs={})
2021-04-21 15:31:21,635:INFO:Checking exceptions
2021-04-21 15:31:21,635:INFO:Importing libraries
2021-04-21 15:31:21,635:INFO:Copying training dataset
2021-04-21 15:31:21,638:INFO:Defining folds
2021-04-21 15:31:21,638:INFO:Declaring metric variables
2021-04-21 15:31:21,645:INFO:Importing untrained model
2021-04-21 15:31:21,651:INFO:K Neighbors Classifier Imported succesfully
2021-04-21 15:31:21,665:INFO:Starting cross validation
2021-04-21 15:31:21,665:INFO:Cross validating with StratifiedKFold(n_splits=10, random_state=None, shuffle=False), n_jobs=-1
2021-04-21 15:31:33,664:INFO:Calculating mean and std
2021-04-21 15:31:33,667:INFO:Creating metrics dataframe
2021-04-21 15:31:33,682:INFO:Uploading results into container
2021-04-21 15:31:33,682:INFO:Uploading model into container now
2021-04-21 15:31:33,682:INFO:create_model_container: 2
2021-04-21 15:31:33,683:INFO:master_model_container: 2
2021-04-21 15:31:33,683:INFO:display_container: 2
2021-04-21 15:31:33,684:INFO:KNeighborsClassifier(algorithm='auto', leaf_size=30, metric='minkowski',
                     metric_params=None, n_jobs=-1, n_neighbors=5, p=2,
                     weights='uniform')
2021-04-21 15:31:33,684:INFO:create_model() succesfully completed......................................
2021-04-21 15:31:33,752:INFO:SubProcess create_model() end ==================================
2021-04-21 15:31:33,753:INFO:Creating metrics dataframe
2021-04-21 15:31:33,768:INFO:Initializing Naive Bayes
2021-04-21 15:31:33,769:INFO:Total runtime is 0.5483739852905274 minutes
2021-04-21 15:31:33,778:INFO:SubProcess create_model() called ==================================
2021-04-21 15:31:33,779:INFO:Initializing create_model()
2021-04-21 15:31:33,779:INFO:create_model(estimator=nb, fold=StratifiedKFold(n_splits=10, random_state=None, shuffle=False), round=4, cross_validation=True, predict=True, fit_kwargs={}, groups=None, refit=False, verbose=False, system=False, metrics=None, display=<pycaret.internal.Display.Display object at 0x0000024873E4AEE0>, kwargs={})
2021-04-21 15:31:33,779:INFO:Checking exceptions
2021-04-21 15:31:33,779:INFO:Importing libraries
2021-04-21 15:31:33,779:INFO:Copying training dataset
2021-04-21 15:31:33,782:INFO:Defining folds
2021-04-21 15:31:33,782:INFO:Declaring metric variables
2021-04-21 15:31:33,789:INFO:Importing untrained model
2021-04-21 15:31:33,796:INFO:Naive Bayes Imported succesfully
2021-04-21 15:31:33,810:INFO:Starting cross validation
2021-04-21 15:31:33,810:INFO:Cross validating with StratifiedKFold(n_splits=10, random_state=None, shuffle=False), n_jobs=-1
2021-04-21 15:31:34,527:INFO:Calculating mean and std
2021-04-21 15:31:34,531:INFO:Creating metrics dataframe
2021-04-21 15:31:34,546:INFO:Uploading results into container
2021-04-21 15:31:34,547:INFO:Uploading model into container now
2021-04-21 15:31:34,547:INFO:create_model_container: 3
2021-04-21 15:31:34,547:INFO:master_model_container: 3
2021-04-21 15:31:34,548:INFO:display_container: 2
2021-04-21 15:31:34,548:INFO:GaussianNB(priors=None, var_smoothing=1e-09)
2021-04-21 15:31:34,549:INFO:create_model() succesfully completed......................................
2021-04-21 15:31:34,639:INFO:SubProcess create_model() end ==================================
2021-04-21 15:31:34,639:INFO:Creating metrics dataframe
2021-04-21 15:31:34,653:INFO:Initializing Decision Tree Classifier
2021-04-21 15:31:34,653:INFO:Total runtime is 0.5631199638048808 minutes
2021-04-21 15:31:34,660:INFO:SubProcess create_model() called ==================================
2021-04-21 15:31:34,660:INFO:Initializing create_model()
2021-04-21 15:31:34,660:INFO:create_model(estimator=dt, fold=StratifiedKFold(n_splits=10, random_state=None, shuffle=False), round=4, cross_validation=True, predict=True, fit_kwargs={}, groups=None, refit=False, verbose=False, system=False, metrics=None, display=<pycaret.internal.Display.Display object at 0x0000024873E4AEE0>, kwargs={})
2021-04-21 15:31:34,661:INFO:Checking exceptions
2021-04-21 15:31:34,661:INFO:Importing libraries
2021-04-21 15:31:34,661:INFO:Copying training dataset
2021-04-21 15:31:34,663:INFO:Defining folds
2021-04-21 15:31:34,663:INFO:Declaring metric variables
2021-04-21 15:31:34,670:INFO:Importing untrained model
2021-04-21 15:31:34,679:INFO:Decision Tree Classifier Imported succesfully
2021-04-21 15:31:34,693:INFO:Starting cross validation
2021-04-21 15:31:34,693:INFO:Cross validating with StratifiedKFold(n_splits=10, random_state=None, shuffle=False), n_jobs=-1
2021-04-21 15:31:41,071:INFO:Calculating mean and std
2021-04-21 15:31:41,072:INFO:Creating metrics dataframe
2021-04-21 15:31:41,078:INFO:Uploading results into container
2021-04-21 15:31:41,078:INFO:Uploading model into container now
2021-04-21 15:31:41,078:INFO:create_model_container: 4
2021-04-21 15:31:41,078:INFO:master_model_container: 4
2021-04-21 15:31:41,078:INFO:display_container: 2
2021-04-21 15:31:41,079:INFO:DecisionTreeClassifier(ccp_alpha=0.0, class_weight=None, criterion='gini',
                       max_depth=None, max_features=None, max_leaf_nodes=None,
                       min_impurity_decrease=0.0, min_impurity_split=None,
                       min_samples_leaf=1, min_samples_split=2,
                       min_weight_fraction_leaf=0.0, presort='deprecated',
                       random_state=3398, splitter='best')
2021-04-21 15:31:41,079:INFO:create_model() succesfully completed......................................
2021-04-21 15:31:41,145:INFO:SubProcess create_model() end ==================================
2021-04-21 15:31:41,145:INFO:Creating metrics dataframe
2021-04-21 15:31:41,161:INFO:Initializing SVM - Linear Kernel
2021-04-21 15:31:41,161:INFO:Total runtime is 0.6715757052103679 minutes
2021-04-21 15:31:41,169:INFO:SubProcess create_model() called ==================================
2021-04-21 15:31:41,169:INFO:Initializing create_model()
2021-04-21 15:31:41,170:INFO:create_model(estimator=svm, fold=StratifiedKFold(n_splits=10, random_state=None, shuffle=False), round=4, cross_validation=True, predict=True, fit_kwargs={}, groups=None, refit=False, verbose=False, system=False, metrics=None, display=<pycaret.internal.Display.Display object at 0x0000024873E4AEE0>, kwargs={})
2021-04-21 15:31:41,170:INFO:Checking exceptions
2021-04-21 15:31:41,170:INFO:Importing libraries
2021-04-21 15:31:41,170:INFO:Copying training dataset
2021-04-21 15:31:41,172:INFO:Defining folds
2021-04-21 15:31:41,172:INFO:Declaring metric variables
2021-04-21 15:31:41,179:INFO:Importing untrained model
2021-04-21 15:31:41,186:INFO:SVM - Linear Kernel Imported succesfully
2021-04-21 15:31:41,202:INFO:Starting cross validation
2021-04-21 15:31:41,203:INFO:Cross validating with StratifiedKFold(n_splits=10, random_state=None, shuffle=False), n_jobs=-1
2021-04-21 15:31:44,605:INFO:Calculating mean and std
2021-04-21 15:31:44,608:INFO:Creating metrics dataframe
2021-04-21 15:31:44,623:INFO:Uploading results into container
2021-04-21 15:31:44,623:INFO:Uploading model into container now
2021-04-21 15:31:44,624:INFO:create_model_container: 5
2021-04-21 15:31:44,624:INFO:master_model_container: 5
2021-04-21 15:31:44,624:INFO:display_container: 2
2021-04-21 15:31:44,626:INFO:SGDClassifier(alpha=0.0001, average=False, class_weight=None,
              early_stopping=False, epsilon=0.1, eta0=0.001, fit_intercept=True,
              l1_ratio=0.15, learning_rate='optimal', loss='hinge',
              max_iter=1000, n_iter_no_change=5, n_jobs=-1, penalty='l2',
              power_t=0.5, random_state=3398, shuffle=True, tol=0.001,
              validation_fraction=0.1, verbose=0, warm_start=False)
2021-04-21 15:31:44,626:INFO:create_model() succesfully completed......................................
2021-04-21 15:31:44,688:INFO:SubProcess create_model() end ==================================
2021-04-21 15:31:44,688:INFO:Creating metrics dataframe
2021-04-21 15:31:44,703:INFO:Initializing Ridge Classifier
2021-04-21 15:31:44,703:INFO:Total runtime is 0.7306097149848939 minutes
2021-04-21 15:31:44,711:INFO:SubProcess create_model() called ==================================
2021-04-21 15:31:44,711:INFO:Initializing create_model()
2021-04-21 15:31:44,711:INFO:create_model(estimator=ridge, fold=StratifiedKFold(n_splits=10, random_state=None, shuffle=False), round=4, cross_validation=True, predict=True, fit_kwargs={}, groups=None, refit=False, verbose=False, system=False, metrics=None, display=<pycaret.internal.Display.Display object at 0x0000024873E4AEE0>, kwargs={})
2021-04-21 15:31:44,711:INFO:Checking exceptions
2021-04-21 15:31:44,711:INFO:Importing libraries
2021-04-21 15:31:44,712:INFO:Copying training dataset
2021-04-21 15:31:44,715:INFO:Defining folds
2021-04-21 15:31:44,715:INFO:Declaring metric variables
2021-04-21 15:31:44,724:INFO:Importing untrained model
2021-04-21 15:31:44,733:INFO:Ridge Classifier Imported succesfully
2021-04-21 15:31:44,747:INFO:Starting cross validation
2021-04-21 15:31:44,748:INFO:Cross validating with StratifiedKFold(n_splits=10, random_state=None, shuffle=False), n_jobs=-1
2021-04-21 15:31:45,484:INFO:Calculating mean and std
2021-04-21 15:31:45,487:INFO:Creating metrics dataframe
2021-04-21 15:31:45,502:INFO:Uploading results into container
2021-04-21 15:31:45,502:INFO:Uploading model into container now
2021-04-21 15:31:45,502:INFO:create_model_container: 6
2021-04-21 15:31:45,503:INFO:master_model_container: 6
2021-04-21 15:31:45,503:INFO:display_container: 2
2021-04-21 15:31:45,504:INFO:RidgeClassifier(alpha=1.0, class_weight=None, copy_X=True, fit_intercept=True,
                max_iter=None, normalize=False, random_state=3398,
                solver='auto', tol=0.001)
2021-04-21 15:31:45,504:INFO:create_model() succesfully completed......................................
2021-04-21 15:31:45,592:INFO:SubProcess create_model() end ==================================
2021-04-21 15:31:45,592:INFO:Creating metrics dataframe
2021-04-21 15:31:45,607:INFO:Initializing Random Forest Classifier
2021-04-21 15:31:45,607:INFO:Total runtime is 0.7456833322842917 minutes
2021-04-21 15:31:45,614:INFO:SubProcess create_model() called ==================================
2021-04-21 15:31:45,615:INFO:Initializing create_model()
2021-04-21 15:31:45,615:INFO:create_model(estimator=rf, fold=StratifiedKFold(n_splits=10, random_state=None, shuffle=False), round=4, cross_validation=True, predict=True, fit_kwargs={}, groups=None, refit=False, verbose=False, system=False, metrics=None, display=<pycaret.internal.Display.Display object at 0x0000024873E4AEE0>, kwargs={})
2021-04-21 15:31:45,615:INFO:Checking exceptions
2021-04-21 15:31:45,615:INFO:Importing libraries
2021-04-21 15:31:45,615:INFO:Copying training dataset
2021-04-21 15:31:45,617:INFO:Defining folds
2021-04-21 15:31:45,617:INFO:Declaring metric variables
2021-04-21 15:31:45,624:INFO:Importing untrained model
2021-04-21 15:31:45,632:INFO:Random Forest Classifier Imported succesfully
2021-04-21 15:31:45,645:INFO:Starting cross validation
2021-04-21 15:31:45,646:INFO:Cross validating with StratifiedKFold(n_splits=10, random_state=None, shuffle=False), n_jobs=-1
2021-04-21 16:01:39,767:INFO:PyCaret Supervised Module
2021-04-21 16:01:39,767:INFO:ML Usecase: classification
2021-04-21 16:01:39,767:INFO:version 2.3.0
2021-04-21 16:01:39,767:INFO:Initializing setup()
2021-04-21 16:01:39,767:INFO:setup(target=isFraud, ml_usecase=classification, available_plots={'parameter': 'Hyperparameters', 'auc': 'AUC', 'confusion_matrix': 'Confusion Matrix', 'threshold': 'Threshold', 'pr': 'Precision Recall', 'error': 'Prediction Error', 'class_report': 'Class Report', 'rfe': 'Feature Selection', 'learning': 'Learning Curve', 'manifold': 'Manifold Learning', 'calibration': 'Calibration Curve', 'vc': 'Validation Curve', 'dimension': 'Dimensions', 'feature': 'Feature Importance', 'feature_all': 'Feature Importance (All)', 'boundary': 'Decision Boundary', 'lift': 'Lift Chart', 'gain': 'Gain Chart', 'tree': 'Decision Tree'}, train_size=0.7, test_data=None, preprocess=True, imputation_type=simple, iterative_imputation_iters=5, categorical_features=None, categorical_imputation=constant, categorical_iterative_imputer=lightgbm, ordinal_features=None, high_cardinality_features=None, high_cardinality_method=frequency, numeric_features=None, numeric_imputation=mean, numeric_iterative_imputer=lightgbm, date_features=None, ignore_features=None, normalize=False, normalize_method=zscore, transformation=False, transformation_method=yeo-johnson, handle_unknown_categorical=True, unknown_categorical_method=least_frequent, pca=False, pca_method=linear, pca_components=None, ignore_low_variance=False, combine_rare_levels=False, rare_level_threshold=0.1, bin_numeric_features=None, remove_outliers=False, outliers_threshold=0.05, remove_multicollinearity=False, multicollinearity_threshold=0.9, remove_perfect_collinearity=True, create_clusters=False, cluster_iter=20, polynomial_features=False, polynomial_degree=2, trigonometry_features=False, polynomial_threshold=0.1, group_features=None, group_names=None, feature_selection=False, feature_selection_threshold=0.8, feature_selection_method=classic, feature_interaction=False, feature_ratio=False, interaction_threshold=0.01, fix_imbalance=False, fix_imbalance_method=None, transform_target=False, transform_target_method=box-cox, data_split_shuffle=True, data_split_stratify=False, fold_strategy=stratifiedkfold, fold=10, fold_shuffle=False, fold_groups=None, n_jobs=-1, use_gpu=False, custom_pipeline=None, html=True, session_id=None, log_experiment=False, experiment_name=None, log_plots=False, log_profile=False, log_data=False, silent=False, verbose=True, profile=False, profile_kwargs=None, display=None)
2021-04-21 16:01:39,767:INFO:Checking environment
2021-04-21 16:01:39,767:INFO:python_version: 3.8.5
2021-04-21 16:01:39,767:INFO:python_build: ('default', 'Sep  3 2020 21:29:08')
2021-04-21 16:01:39,767:INFO:machine: AMD64
2021-04-21 16:01:39,767:INFO:platform: Windows-10-10.0.19041-SP0
2021-04-21 16:01:39,767:INFO:Memory: svmem(total=17034301440, available=10159280128, percent=40.4, used=6875021312, free=10159280128)
2021-04-21 16:01:39,767:INFO:Physical Core: 6
2021-04-21 16:01:39,767:INFO:Logical Core: 12
2021-04-21 16:01:39,767:INFO:Checking libraries
2021-04-21 16:01:39,767:INFO:pd==1.1.3
2021-04-21 16:01:39,767:INFO:numpy==1.19.5
2021-04-21 16:01:39,767:INFO:sklearn==0.23.2
2021-04-21 16:01:39,767:INFO:lightgbm==3.2.0
2021-04-21 16:01:39,767:WARNING:catboost not found
2021-04-21 16:01:39,767:WARNING:xgboost not found
2021-04-21 16:01:40,275:INFO:mlflow==1.15.0
2021-04-21 16:01:40,275:INFO:Checking Exceptions
2021-04-21 16:01:40,275:INFO:Declaring global variables
2021-04-21 16:01:40,275:INFO:USI: d303
2021-04-21 16:01:40,275:INFO:pycaret_globals: {'fold_param', 'fold_groups_param', '_internal_pipeline', '_all_metrics', 'fold_generator', 'fold_shuffle_param', 'gpu_param', '_ml_usecase', 'X', 'exp_name_log', 'y_test', 'X_test', 'n_jobs_param', 'fix_imbalance_param', 'display_container', 'imputation_classifier', 'USI', 'pycaret_globals', 'log_plots_param', 'seed', 'y', 'iterative_imputation_iters_param', 'y_train', 'X_train', 'create_model_container', 'prep_pipe', 'transform_target_param', 'imputation_regressor', 'logging_param', 'fix_imbalance_method_param', 'stratify_param', 'target_param', '_available_plots', '_all_models_internal', 'html_param', 'data_before_preprocess', 'experiment__', 'master_model_container', '_all_models', '_gpu_n_jobs_param', 'transform_target_method_param'}
2021-04-21 16:01:40,275:INFO:Preparing display monitor
2021-04-21 16:01:40,275:INFO:Preparing display monitor
2021-04-21 16:01:40,284:INFO:Importing libraries
2021-04-21 16:01:40,285:INFO:Copying data for preprocessing
2021-04-21 16:01:40,296:INFO:Declaring preprocessing parameters
2021-04-21 16:01:40,310:INFO:Creating preprocessing pipeline
2021-04-21 16:01:40,482:INFO:Preprocessing pipeline created successfully
2021-04-21 16:01:40,482:ERROR:(Process Exit): setup has been interupted with user command 'quit'. setup must rerun.
2021-04-21 16:01:40,482:INFO:Creating global containers
2021-04-21 16:01:40,482:INFO:Internal pipeline: Pipeline(memory=None, steps=[('empty_step', 'passthrough')], verbose=False)
2021-04-21 16:01:53,797:INFO:PyCaret Supervised Module
2021-04-21 16:01:53,797:INFO:ML Usecase: classification
2021-04-21 16:01:53,797:INFO:version 2.3.0
2021-04-21 16:01:53,797:INFO:Initializing setup()
2021-04-21 16:01:53,798:INFO:setup(target=isFraud, ml_usecase=classification, available_plots={'parameter': 'Hyperparameters', 'auc': 'AUC', 'confusion_matrix': 'Confusion Matrix', 'threshold': 'Threshold', 'pr': 'Precision Recall', 'error': 'Prediction Error', 'class_report': 'Class Report', 'rfe': 'Feature Selection', 'learning': 'Learning Curve', 'manifold': 'Manifold Learning', 'calibration': 'Calibration Curve', 'vc': 'Validation Curve', 'dimension': 'Dimensions', 'feature': 'Feature Importance', 'feature_all': 'Feature Importance (All)', 'boundary': 'Decision Boundary', 'lift': 'Lift Chart', 'gain': 'Gain Chart', 'tree': 'Decision Tree'}, train_size=0.7, test_data=None, preprocess=True, imputation_type=simple, iterative_imputation_iters=5, categorical_features=None, categorical_imputation=constant, categorical_iterative_imputer=lightgbm, ordinal_features=None, high_cardinality_features=None, high_cardinality_method=frequency, numeric_features=None, numeric_imputation=mean, numeric_iterative_imputer=lightgbm, date_features=None, ignore_features=None, normalize=False, normalize_method=zscore, transformation=False, transformation_method=yeo-johnson, handle_unknown_categorical=True, unknown_categorical_method=least_frequent, pca=False, pca_method=linear, pca_components=None, ignore_low_variance=False, combine_rare_levels=False, rare_level_threshold=0.1, bin_numeric_features=None, remove_outliers=False, outliers_threshold=0.05, remove_multicollinearity=False, multicollinearity_threshold=0.9, remove_perfect_collinearity=True, create_clusters=False, cluster_iter=20, polynomial_features=False, polynomial_degree=2, trigonometry_features=False, polynomial_threshold=0.1, group_features=None, group_names=None, feature_selection=False, feature_selection_threshold=0.8, feature_selection_method=classic, feature_interaction=False, feature_ratio=False, interaction_threshold=0.01, fix_imbalance=False, fix_imbalance_method=None, transform_target=False, transform_target_method=box-cox, data_split_shuffle=True, data_split_stratify=False, fold_strategy=stratifiedkfold, fold=10, fold_shuffle=False, fold_groups=None, n_jobs=-1, use_gpu=False, custom_pipeline=None, html=True, session_id=None, log_experiment=False, experiment_name=None, log_plots=False, log_profile=False, log_data=False, silent=False, verbose=True, profile=False, profile_kwargs=None, display=None)
2021-04-21 16:01:53,798:INFO:Checking environment
2021-04-21 16:01:53,798:INFO:python_version: 3.8.5
2021-04-21 16:01:53,798:INFO:python_build: ('default', 'Sep  3 2020 21:29:08')
2021-04-21 16:01:53,798:INFO:machine: AMD64
2021-04-21 16:01:53,798:INFO:platform: Windows-10-10.0.19041-SP0
2021-04-21 16:01:53,798:INFO:Memory: svmem(total=17034301440, available=9975074816, percent=41.4, used=7059226624, free=9975074816)
2021-04-21 16:01:53,798:INFO:Physical Core: 6
2021-04-21 16:01:53,798:INFO:Logical Core: 12
2021-04-21 16:01:53,798:INFO:Checking libraries
2021-04-21 16:01:53,798:INFO:pd==1.1.3
2021-04-21 16:01:53,798:INFO:numpy==1.19.5
2021-04-21 16:01:53,798:INFO:sklearn==0.23.2
2021-04-21 16:01:53,798:INFO:lightgbm==3.2.0
2021-04-21 16:01:53,799:WARNING:catboost not found
2021-04-21 16:01:53,800:WARNING:xgboost not found
2021-04-21 16:01:53,800:INFO:mlflow==1.15.0
2021-04-21 16:01:53,800:INFO:Checking Exceptions
2021-04-21 16:01:53,800:INFO:Declaring global variables
2021-04-21 16:01:53,800:INFO:USI: a793
2021-04-21 16:01:53,800:INFO:pycaret_globals: {'fold_param', 'fold_groups_param', '_internal_pipeline', '_all_metrics', 'fold_generator', 'fold_shuffle_param', 'gpu_param', '_ml_usecase', 'X', 'exp_name_log', 'y_test', 'X_test', 'n_jobs_param', 'fix_imbalance_param', 'display_container', 'imputation_classifier', 'USI', 'pycaret_globals', 'log_plots_param', 'seed', 'y', 'iterative_imputation_iters_param', 'y_train', 'X_train', 'create_model_container', 'prep_pipe', 'transform_target_param', 'imputation_regressor', 'logging_param', 'fix_imbalance_method_param', 'stratify_param', 'target_param', '_available_plots', '_all_models_internal', 'html_param', 'data_before_preprocess', 'experiment__', 'master_model_container', '_all_models', '_gpu_n_jobs_param', 'transform_target_method_param'}
2021-04-21 16:01:53,800:INFO:Preparing display monitor
2021-04-21 16:01:53,800:INFO:Preparing display monitor
2021-04-21 16:01:53,810:INFO:Importing libraries
2021-04-21 16:01:53,810:INFO:Copying data for preprocessing
2021-04-21 16:01:53,825:INFO:Declaring preprocessing parameters
2021-04-21 16:01:53,841:INFO:Creating preprocessing pipeline
2021-04-21 16:01:54,012:INFO:Preprocessing pipeline created successfully
2021-04-21 16:01:54,012:ERROR:(Process Exit): setup has been interupted with user command 'quit'. setup must rerun.
2021-04-21 16:01:54,012:INFO:Creating global containers
2021-04-21 16:01:54,012:INFO:Internal pipeline: Pipeline(memory=None, steps=[('empty_step', 'passthrough')], verbose=False)
2021-04-21 16:01:57,808:WARNING:Couldn't import xgboost.XGBClassifier
2021-04-21 16:01:57,808:WARNING:Couldn't import catboost.CatBoostClassifier
2021-04-21 16:01:57,868:WARNING:Couldn't import xgboost.XGBClassifier
2021-04-21 16:01:57,868:WARNING:Couldn't import catboost.CatBoostClassifier
2021-04-21 16:01:57,869:INFO:Creating grid variables
2021-04-21 16:01:57,892:INFO:create_model_container: 0
2021-04-21 16:01:57,892:INFO:master_model_container: 0
2021-04-21 16:01:57,893:INFO:display_container: 1
2021-04-21 16:01:57,896:INFO:Pipeline(memory=None,
         steps=[('dtypes',
                 DataTypes_Auto_infer(categorical_features=[],
                                      display_types=True, features_todrop=[],
                                      id_columns=[],
                                      ml_usecase='classification',
                                      numerical_features=[], target='isFraud',
                                      time_features=[])),
                ('imputer',
                 Simple_Imputer(categorical_strategy='not_available',
                                fill_value_categorical=None,
                                fill_value_numerical=None,
                                numeric_stra...
                ('scaling', 'passthrough'), ('P_transform', 'passthrough'),
                ('binn', 'passthrough'), ('rem_outliers', 'passthrough'),
                ('cluster_all', 'passthrough'),
                ('dummy', Dummify(target='isFraud')),
                ('fix_perfect', Remove_100(target='isFraud')),
                ('clean_names', Clean_Colum_Names()),
                ('feature_select', 'passthrough'), ('fix_multi', 'passthrough'),
                ('dfs', 'passthrough'), ('pca', 'passthrough')],
         verbose=False)
2021-04-21 16:01:57,896:INFO:setup() succesfully completed......................................
2021-04-21 16:02:58,500:INFO:PyCaret Supervised Module
2021-04-21 16:02:58,500:INFO:ML Usecase: clustering
2021-04-21 16:02:58,500:INFO:version 2.3.0
2021-04-21 16:02:58,500:INFO:Initializing setup()
2021-04-21 16:02:58,500:INFO:setup(target=None, ml_usecase=clustering, available_plots={'cluster': 'Cluster PCA Plot (2d)', 'tsne': 'Cluster TSnE (3d)', 'elbow': 'Elbow', 'silhouette': 'Silhouette', 'distance': 'Distance', 'distribution': 'Distribution'}, train_size=0.7, test_data=None, preprocess=True, imputation_type=simple, iterative_imputation_iters=5, categorical_features=None, categorical_imputation=mode, categorical_iterative_imputer=lightgbm, ordinal_features=None, high_cardinality_features=None, high_cardinality_method=frequency, numeric_features=None, numeric_imputation=mean, numeric_iterative_imputer=lightgbm, date_features=None, ignore_features=None, normalize=False, normalize_method=zscore, transformation=False, transformation_method=yeo-johnson, handle_unknown_categorical=True, unknown_categorical_method=least_frequent, pca=False, pca_method=linear, pca_components=None, ignore_low_variance=False, combine_rare_levels=False, rare_level_threshold=0.1, bin_numeric_features=None, remove_outliers=False, outliers_threshold=0.05, remove_multicollinearity=False, multicollinearity_threshold=0.9, remove_perfect_collinearity=False, create_clusters=False, cluster_iter=20, polynomial_features=False, polynomial_degree=2, trigonometry_features=False, polynomial_threshold=0.1, group_features=None, group_names=None, feature_selection=False, feature_selection_threshold=0.8, feature_selection_method=classic, feature_interaction=False, feature_ratio=False, interaction_threshold=0.01, fix_imbalance=False, fix_imbalance_method=None, transform_target=False, transform_target_method=box-cox, data_split_shuffle=False, data_split_stratify=False, fold_strategy=kfold, fold=10, fold_shuffle=False, fold_groups=None, n_jobs=-1, use_gpu=False, custom_pipeline=None, html=True, session_id=None, log_experiment=False, experiment_name=None, log_plots=False, log_profile=False, log_data=False, silent=False, verbose=True, profile=False, profile_kwargs=None, display=None)
2021-04-21 16:02:58,500:INFO:Checking environment
2021-04-21 16:02:58,500:INFO:python_version: 3.8.5
2021-04-21 16:02:58,500:INFO:python_build: ('default', 'Sep  3 2020 21:29:08')
2021-04-21 16:02:58,500:INFO:machine: AMD64
2021-04-21 16:02:58,500:INFO:platform: Windows-10-10.0.19041-SP0
2021-04-21 16:02:58,500:INFO:Memory: svmem(total=17034301440, available=9963147264, percent=41.5, used=7071154176, free=9963147264)
2021-04-21 16:02:58,500:INFO:Physical Core: 6
2021-04-21 16:02:58,500:INFO:Logical Core: 12
2021-04-21 16:02:58,500:INFO:Checking libraries
2021-04-21 16:02:58,500:INFO:pd==1.1.3
2021-04-21 16:02:58,500:INFO:numpy==1.19.5
2021-04-21 16:02:58,500:INFO:sklearn==0.23.2
2021-04-21 16:02:58,500:INFO:lightgbm==3.2.0
2021-04-21 16:02:58,501:WARNING:catboost not found
2021-04-21 16:02:58,501:WARNING:xgboost not found
2021-04-21 16:02:58,501:INFO:mlflow==1.15.0
2021-04-21 16:02:58,501:INFO:Checking Exceptions
2021-04-21 16:02:58,502:INFO:Declaring global variables
2021-04-21 16:02:58,502:INFO:USI: 6b8f
2021-04-21 16:02:58,502:INFO:pycaret_globals: {'fold_param', 'fold_groups_param', '_internal_pipeline', '_all_metrics', 'fold_generator', 'fold_shuffle_param', 'gpu_param', '_ml_usecase', 'X', 'exp_name_log', 'n_jobs_param', 'fix_imbalance_param', 'display_container', 'imputation_classifier', 'USI', 'pycaret_globals', 'log_plots_param', 'seed', 'iterative_imputation_iters_param', 'create_model_container', 'prep_pipe', 'transform_target_param', 'imputation_regressor', 'logging_param', 'fix_imbalance_method_param', 'stratify_param', 'target_param', '_available_plots', '_all_models_internal', 'html_param', 'data_before_preprocess', 'experiment__', 'master_model_container', '_all_models', '_gpu_n_jobs_param', 'transform_target_method_param'}
2021-04-21 16:02:58,502:INFO:Preparing display monitor
2021-04-21 16:02:58,502:INFO:Preparing display monitor
2021-04-21 16:02:58,511:INFO:Importing libraries
2021-04-21 16:02:58,511:INFO:Copying data for preprocessing
2021-04-21 16:02:58,523:INFO:Declaring preprocessing parameters
2021-04-21 16:02:58,541:INFO:Creating preprocessing pipeline
2021-04-21 16:02:58,711:INFO:Preprocessing pipeline created successfully
2021-04-21 16:02:58,711:ERROR:(Process Exit): setup has been interupted with user command 'quit'. setup must rerun.
2021-04-21 16:02:58,711:INFO:Creating global containers
2021-04-21 16:02:58,711:INFO:Internal pipeline: Pipeline(memory=None, steps=[('empty_step', 'passthrough')], verbose=False)
2021-04-21 16:03:01,942:INFO:Creating grid variables
2021-04-21 16:03:01,970:INFO:create_model_container: 0
2021-04-21 16:03:01,970:INFO:master_model_container: 0
2021-04-21 16:03:01,970:INFO:display_container: 1
2021-04-21 16:03:01,974:INFO:Pipeline(memory=None,
         steps=[('dtypes',
                 DataTypes_Auto_infer(categorical_features=[],
                                      display_types=True, features_todrop=[],
                                      id_columns=[], ml_usecase='regression',
                                      numerical_features=[],
                                      target='UNSUPERVISED_DUMMY_TARGET',
                                      time_features=[])),
                ('imputer',
                 Simple_Imputer(categorical_strategy='most frequent',
                                fill_value_categorical=None,
                                fill_value_numerical=None...
                ('scaling', 'passthrough'), ('P_transform', 'passthrough'),
                ('binn', 'passthrough'), ('rem_outliers', 'passthrough'),
                ('cluster_all', 'passthrough'),
                ('dummy', Dummify(target='UNSUPERVISED_DUMMY_TARGET')),
                ('fix_perfect', 'passthrough'),
                ('clean_names', Clean_Colum_Names()),
                ('feature_select', 'passthrough'), ('fix_multi', 'passthrough'),
                ('dfs', 'passthrough'), ('pca', 'passthrough')],
         verbose=False)
2021-04-21 16:03:01,974:INFO:setup() succesfully completed......................................
2021-04-21 16:03:23,336:INFO:Initializing compare_models()
2021-04-21 16:03:23,337:INFO:compare_models(include=None, fold=None, round=4, cross_validation=True, sort=Accuracy, n_select=1, budget_time=None, turbo=True, errors=ignore, fit_kwargs=None, groups=None, verbose=True, display=None, exclude=None)
2021-04-21 16:03:23,337:INFO:Checking exceptions
2021-04-21 16:07:13,097:INFO:PyCaret Supervised Module
2021-04-21 16:07:13,097:INFO:ML Usecase: classification
2021-04-21 16:07:13,098:INFO:version 2.3.0
2021-04-21 16:07:13,098:INFO:Initializing setup()
2021-04-21 16:07:13,098:INFO:setup(target=['isFraud'], ml_usecase=classification, available_plots={'parameter': 'Hyperparameters', 'auc': 'AUC', 'confusion_matrix': 'Confusion Matrix', 'threshold': 'Threshold', 'pr': 'Precision Recall', 'error': 'Prediction Error', 'class_report': 'Class Report', 'rfe': 'Feature Selection', 'learning': 'Learning Curve', 'manifold': 'Manifold Learning', 'calibration': 'Calibration Curve', 'vc': 'Validation Curve', 'dimension': 'Dimensions', 'feature': 'Feature Importance', 'feature_all': 'Feature Importance (All)', 'boundary': 'Decision Boundary', 'lift': 'Lift Chart', 'gain': 'Gain Chart', 'tree': 'Decision Tree'}, train_size=0.7, test_data=None, preprocess=True, imputation_type=simple, iterative_imputation_iters=5, categorical_features=None, categorical_imputation=constant, categorical_iterative_imputer=lightgbm, ordinal_features=None, high_cardinality_features=None, high_cardinality_method=frequency, numeric_features=None, numeric_imputation=mean, numeric_iterative_imputer=lightgbm, date_features=None, ignore_features=None, normalize=False, normalize_method=zscore, transformation=False, transformation_method=yeo-johnson, handle_unknown_categorical=True, unknown_categorical_method=least_frequent, pca=False, pca_method=linear, pca_components=None, ignore_low_variance=False, combine_rare_levels=False, rare_level_threshold=0.1, bin_numeric_features=None, remove_outliers=False, outliers_threshold=0.05, remove_multicollinearity=False, multicollinearity_threshold=0.9, remove_perfect_collinearity=True, create_clusters=False, cluster_iter=20, polynomial_features=False, polynomial_degree=2, trigonometry_features=False, polynomial_threshold=0.1, group_features=None, group_names=None, feature_selection=False, feature_selection_threshold=0.8, feature_selection_method=classic, feature_interaction=False, feature_ratio=False, interaction_threshold=0.01, fix_imbalance=False, fix_imbalance_method=None, transform_target=False, transform_target_method=box-cox, data_split_shuffle=True, data_split_stratify=False, fold_strategy=stratifiedkfold, fold=10, fold_shuffle=False, fold_groups=None, n_jobs=-1, use_gpu=False, custom_pipeline=None, html=True, session_id=None, log_experiment=False, experiment_name=None, log_plots=False, log_profile=False, log_data=False, silent=False, verbose=True, profile=False, profile_kwargs=None, display=None)
2021-04-21 16:07:13,098:INFO:Checking environment
2021-04-21 16:07:13,098:INFO:python_version: 3.8.5
2021-04-21 16:07:13,098:INFO:python_build: ('default', 'Sep  3 2020 21:29:08')
2021-04-21 16:07:13,098:INFO:machine: AMD64
2021-04-21 16:07:13,098:INFO:platform: Windows-10-10.0.19041-SP0
2021-04-21 16:07:13,098:INFO:Memory: svmem(total=17034301440, available=9773756416, percent=42.6, used=7260545024, free=9773756416)
2021-04-21 16:07:13,098:INFO:Physical Core: 6
2021-04-21 16:07:13,098:INFO:Logical Core: 12
2021-04-21 16:07:13,098:INFO:Checking libraries
2021-04-21 16:07:13,099:INFO:pd==1.1.3
2021-04-21 16:07:13,099:INFO:numpy==1.19.5
2021-04-21 16:07:13,099:INFO:sklearn==0.23.2
2021-04-21 16:07:13,099:INFO:lightgbm==3.2.0
2021-04-21 16:07:13,099:WARNING:catboost not found
2021-04-21 16:07:13,100:WARNING:xgboost not found
2021-04-21 16:07:13,100:INFO:mlflow==1.15.0
2021-04-21 16:07:13,100:INFO:Checking Exceptions
2021-04-21 16:07:23,410:INFO:PyCaret Supervised Module
2021-04-21 16:07:23,410:INFO:ML Usecase: classification
2021-04-21 16:07:23,410:INFO:version 2.3.0
2021-04-21 16:07:23,410:INFO:Initializing setup()
2021-04-21 16:07:23,410:INFO:setup(target=0         0
1         0
2         0
3         0
4         0
         ..
590535    0
590536    0
590537    0
590538    0
590539    0
Name: isFraud, Length: 590540, dtype: int64, ml_usecase=classification, available_plots={'parameter': 'Hyperparameters', 'auc': 'AUC', 'confusion_matrix': 'Confusion Matrix', 'threshold': 'Threshold', 'pr': 'Precision Recall', 'error': 'Prediction Error', 'class_report': 'Class Report', 'rfe': 'Feature Selection', 'learning': 'Learning Curve', 'manifold': 'Manifold Learning', 'calibration': 'Calibration Curve', 'vc': 'Validation Curve', 'dimension': 'Dimensions', 'feature': 'Feature Importance', 'feature_all': 'Feature Importance (All)', 'boundary': 'Decision Boundary', 'lift': 'Lift Chart', 'gain': 'Gain Chart', 'tree': 'Decision Tree'}, train_size=0.7, test_data=None, preprocess=True, imputation_type=simple, iterative_imputation_iters=5, categorical_features=None, categorical_imputation=constant, categorical_iterative_imputer=lightgbm, ordinal_features=None, high_cardinality_features=None, high_cardinality_method=frequency, numeric_features=None, numeric_imputation=mean, numeric_iterative_imputer=lightgbm, date_features=None, ignore_features=None, normalize=False, normalize_method=zscore, transformation=False, transformation_method=yeo-johnson, handle_unknown_categorical=True, unknown_categorical_method=least_frequent, pca=False, pca_method=linear, pca_components=None, ignore_low_variance=False, combine_rare_levels=False, rare_level_threshold=0.1, bin_numeric_features=None, remove_outliers=False, outliers_threshold=0.05, remove_multicollinearity=False, multicollinearity_threshold=0.9, remove_perfect_collinearity=True, create_clusters=False, cluster_iter=20, polynomial_features=False, polynomial_degree=2, trigonometry_features=False, polynomial_threshold=0.1, group_features=None, group_names=None, feature_selection=False, feature_selection_threshold=0.8, feature_selection_method=classic, feature_interaction=False, feature_ratio=False, interaction_threshold=0.01, fix_imbalance=False, fix_imbalance_method=None, transform_target=False, transform_target_method=box-cox, data_split_shuffle=True, data_split_stratify=False, fold_strategy=stratifiedkfold, fold=10, fold_shuffle=False, fold_groups=None, n_jobs=-1, use_gpu=False, custom_pipeline=None, html=True, session_id=None, log_experiment=False, experiment_name=None, log_plots=False, log_profile=False, log_data=False, silent=False, verbose=True, profile=False, profile_kwargs=None, display=None)
2021-04-21 16:07:23,410:INFO:Checking environment
2021-04-21 16:07:23,410:INFO:python_version: 3.8.5
2021-04-21 16:07:23,410:INFO:python_build: ('default', 'Sep  3 2020 21:29:08')
2021-04-21 16:07:23,410:INFO:machine: AMD64
2021-04-21 16:07:23,410:INFO:platform: Windows-10-10.0.19041-SP0
2021-04-21 16:07:23,410:INFO:Memory: svmem(total=17034301440, available=9737461760, percent=42.8, used=7296839680, free=9737461760)
2021-04-21 16:07:23,411:INFO:Physical Core: 6
2021-04-21 16:07:23,411:INFO:Logical Core: 12
2021-04-21 16:07:23,411:INFO:Checking libraries
2021-04-21 16:07:23,411:INFO:pd==1.1.3
2021-04-21 16:07:23,411:INFO:numpy==1.19.5
2021-04-21 16:07:23,411:INFO:sklearn==0.23.2
2021-04-21 16:07:23,411:INFO:lightgbm==3.2.0
2021-04-21 16:07:23,411:WARNING:catboost not found
2021-04-21 16:07:23,412:WARNING:xgboost not found
2021-04-21 16:07:23,412:INFO:mlflow==1.15.0
2021-04-21 16:07:23,412:INFO:Checking Exceptions
2021-04-21 16:08:16,602:INFO:PyCaret Supervised Module
2021-04-21 16:08:16,602:INFO:ML Usecase: classification
2021-04-21 16:08:16,602:INFO:version 2.3.0
2021-04-21 16:08:16,602:INFO:Initializing setup()
2021-04-21 16:08:16,602:INFO:setup(target=isFraud, ml_usecase=classification, available_plots={'parameter': 'Hyperparameters', 'auc': 'AUC', 'confusion_matrix': 'Confusion Matrix', 'threshold': 'Threshold', 'pr': 'Precision Recall', 'error': 'Prediction Error', 'class_report': 'Class Report', 'rfe': 'Feature Selection', 'learning': 'Learning Curve', 'manifold': 'Manifold Learning', 'calibration': 'Calibration Curve', 'vc': 'Validation Curve', 'dimension': 'Dimensions', 'feature': 'Feature Importance', 'feature_all': 'Feature Importance (All)', 'boundary': 'Decision Boundary', 'lift': 'Lift Chart', 'gain': 'Gain Chart', 'tree': 'Decision Tree'}, train_size=0.7, test_data=None, preprocess=True, imputation_type=simple, iterative_imputation_iters=5, categorical_features=None, categorical_imputation=constant, categorical_iterative_imputer=lightgbm, ordinal_features=None, high_cardinality_features=None, high_cardinality_method=frequency, numeric_features=None, numeric_imputation=mean, numeric_iterative_imputer=lightgbm, date_features=None, ignore_features=None, normalize=False, normalize_method=zscore, transformation=False, transformation_method=yeo-johnson, handle_unknown_categorical=True, unknown_categorical_method=least_frequent, pca=False, pca_method=linear, pca_components=None, ignore_low_variance=False, combine_rare_levels=False, rare_level_threshold=0.1, bin_numeric_features=None, remove_outliers=False, outliers_threshold=0.05, remove_multicollinearity=False, multicollinearity_threshold=0.9, remove_perfect_collinearity=True, create_clusters=False, cluster_iter=20, polynomial_features=False, polynomial_degree=2, trigonometry_features=False, polynomial_threshold=0.1, group_features=None, group_names=None, feature_selection=False, feature_selection_threshold=0.8, feature_selection_method=classic, feature_interaction=False, feature_ratio=False, interaction_threshold=0.01, fix_imbalance=False, fix_imbalance_method=None, transform_target=False, transform_target_method=box-cox, data_split_shuffle=True, data_split_stratify=False, fold_strategy=stratifiedkfold, fold=10, fold_shuffle=False, fold_groups=None, n_jobs=-1, use_gpu=False, custom_pipeline=None, html=True, session_id=None, log_experiment=False, experiment_name=None, log_plots=False, log_profile=False, log_data=False, silent=False, verbose=True, profile=False, profile_kwargs=None, display=None)
2021-04-21 16:08:16,603:INFO:Checking environment
2021-04-21 16:08:16,603:INFO:python_version: 3.8.5
2021-04-21 16:08:16,603:INFO:python_build: ('default', 'Sep  3 2020 21:29:08')
2021-04-21 16:08:16,603:INFO:machine: AMD64
2021-04-21 16:08:16,603:INFO:platform: Windows-10-10.0.19041-SP0
2021-04-21 16:08:16,603:INFO:Memory: svmem(total=17034301440, available=9679077376, percent=43.2, used=7355224064, free=9679077376)
2021-04-21 16:08:16,603:INFO:Physical Core: 6
2021-04-21 16:08:16,603:INFO:Logical Core: 12
2021-04-21 16:08:16,603:INFO:Checking libraries
2021-04-21 16:08:16,603:INFO:pd==1.1.3
2021-04-21 16:08:16,603:INFO:numpy==1.19.5
2021-04-21 16:08:16,603:INFO:sklearn==0.23.2
2021-04-21 16:08:16,603:INFO:lightgbm==3.2.0
2021-04-21 16:08:16,604:WARNING:catboost not found
2021-04-21 16:08:16,604:WARNING:xgboost not found
2021-04-21 16:08:16,605:INFO:mlflow==1.15.0
2021-04-21 16:08:16,605:INFO:Checking Exceptions
2021-04-21 16:08:16,605:INFO:Declaring global variables
2021-04-21 16:08:16,605:INFO:USI: 263c
2021-04-21 16:08:16,605:INFO:pycaret_globals: {'fold_param', 'fold_groups_param', '_internal_pipeline', '_all_metrics', 'fold_generator', 'fold_shuffle_param', 'gpu_param', '_ml_usecase', 'X', 'exp_name_log', 'y_test', 'X_test', 'n_jobs_param', 'fix_imbalance_param', 'display_container', 'imputation_classifier', 'USI', 'pycaret_globals', 'log_plots_param', 'seed', 'y', 'iterative_imputation_iters_param', 'y_train', 'X_train', 'create_model_container', 'prep_pipe', 'transform_target_param', 'imputation_regressor', 'logging_param', 'fix_imbalance_method_param', 'stratify_param', 'target_param', '_available_plots', '_all_models_internal', 'html_param', 'data_before_preprocess', 'experiment__', 'master_model_container', '_all_models', '_gpu_n_jobs_param', 'transform_target_method_param'}
2021-04-21 16:08:16,605:INFO:Preparing display monitor
2021-04-21 16:08:16,605:INFO:Preparing display monitor
2021-04-21 16:08:16,619:INFO:Importing libraries
2021-04-21 16:08:16,620:INFO:Copying data for preprocessing
2021-04-21 16:08:16,632:INFO:Declaring preprocessing parameters
2021-04-21 16:08:16,649:INFO:Creating preprocessing pipeline
2021-04-21 16:08:16,834:INFO:Preprocessing pipeline created successfully
2021-04-21 16:08:16,834:ERROR:(Process Exit): setup has been interupted with user command 'quit'. setup must rerun.
2021-04-21 16:08:16,834:INFO:Creating global containers
2021-04-21 16:08:16,834:INFO:Internal pipeline: Pipeline(memory=None, steps=[('empty_step', 'passthrough')], verbose=False)
2021-04-21 16:08:19,415:WARNING:Couldn't import xgboost.XGBClassifier
2021-04-21 16:08:19,415:WARNING:Couldn't import catboost.CatBoostClassifier
2021-04-21 16:08:19,476:WARNING:Couldn't import xgboost.XGBClassifier
2021-04-21 16:08:19,476:WARNING:Couldn't import catboost.CatBoostClassifier
2021-04-21 16:08:19,477:INFO:Creating grid variables
2021-04-21 16:08:19,495:INFO:create_model_container: 0
2021-04-21 16:08:19,495:INFO:master_model_container: 0
2021-04-21 16:08:19,495:INFO:display_container: 1
2021-04-21 16:08:19,499:INFO:Pipeline(memory=None,
         steps=[('dtypes',
                 DataTypes_Auto_infer(categorical_features=[],
                                      display_types=True, features_todrop=[],
                                      id_columns=[],
                                      ml_usecase='classification',
                                      numerical_features=[], target='isFraud',
                                      time_features=[])),
                ('imputer',
                 Simple_Imputer(categorical_strategy='not_available',
                                fill_value_categorical=None,
                                fill_value_numerical=None,
                                numeric_stra...
                ('scaling', 'passthrough'), ('P_transform', 'passthrough'),
                ('binn', 'passthrough'), ('rem_outliers', 'passthrough'),
                ('cluster_all', 'passthrough'),
                ('dummy', Dummify(target='isFraud')),
                ('fix_perfect', Remove_100(target='isFraud')),
                ('clean_names', Clean_Colum_Names()),
                ('feature_select', 'passthrough'), ('fix_multi', 'passthrough'),
                ('dfs', 'passthrough'), ('pca', 'passthrough')],
         verbose=False)
2021-04-21 16:08:19,499:INFO:setup() succesfully completed......................................
2021-04-21 16:08:27,345:INFO:Initializing compare_models()
2021-04-21 16:08:27,345:INFO:compare_models(include=None, fold=None, round=4, cross_validation=True, sort=Accuracy, n_select=1, budget_time=None, turbo=True, errors=ignore, fit_kwargs=None, groups=None, verbose=True, display=None, exclude=None)
2021-04-21 16:08:27,345:INFO:Checking exceptions
2021-04-21 16:08:27,349:INFO:Preparing display monitor
2021-04-21 16:08:27,349:INFO:Preparing display monitor
2021-04-21 16:08:27,371:INFO:Initializing Logistic Regression
2021-04-21 16:08:27,372:INFO:Total runtime is 1.6248226165771486e-05 minutes
2021-04-21 16:08:27,380:INFO:SubProcess create_model() called ==================================
2021-04-21 16:08:27,380:INFO:Initializing create_model()
2021-04-21 16:08:27,380:INFO:create_model(estimator=lr, fold=StratifiedKFold(n_splits=10, random_state=None, shuffle=False), round=4, cross_validation=True, predict=True, fit_kwargs={}, groups=None, refit=False, verbose=False, system=False, metrics=None, display=<pycaret.internal.Display.Display object at 0x000002750B2E1C40>, kwargs={})
2021-04-21 16:08:27,380:INFO:Checking exceptions
2021-04-21 16:08:27,380:INFO:Importing libraries
2021-04-21 16:08:27,380:INFO:Copying training dataset
2021-04-21 16:08:27,383:INFO:Defining folds
2021-04-21 16:08:27,383:INFO:Declaring metric variables
2021-04-21 16:08:27,389:INFO:Importing untrained model
2021-04-21 16:08:27,397:INFO:Logistic Regression Imported succesfully
2021-04-21 16:08:27,412:INFO:Starting cross validation
2021-04-21 16:08:27,412:INFO:Cross validating with StratifiedKFold(n_splits=10, random_state=None, shuffle=False), n_jobs=-1
2021-04-21 16:08:48,487:INFO:Calculating mean and std
2021-04-21 16:08:48,490:INFO:Creating metrics dataframe
2021-04-21 16:08:48,504:INFO:Uploading results into container
2021-04-21 16:08:48,504:INFO:Uploading model into container now
2021-04-21 16:08:48,504:INFO:create_model_container: 1
2021-04-21 16:08:48,504:INFO:master_model_container: 1
2021-04-21 16:08:48,504:INFO:display_container: 2
2021-04-21 16:08:48,505:INFO:LogisticRegression(C=1.0, class_weight=None, dual=False, fit_intercept=True,
                   intercept_scaling=1, l1_ratio=None, max_iter=1000,
                   multi_class='auto', n_jobs=None, penalty='l2',
                   random_state=1857, solver='lbfgs', tol=0.0001, verbose=0,
                   warm_start=False)
2021-04-21 16:08:48,505:INFO:create_model() succesfully completed......................................
2021-04-21 16:08:48,567:INFO:SubProcess create_model() end ==================================
2021-04-21 16:08:48,567:INFO:Creating metrics dataframe
2021-04-21 16:08:48,579:INFO:Initializing K Neighbors Classifier
2021-04-21 16:08:48,579:INFO:Total runtime is 0.3534772356351216 minutes
2021-04-21 16:08:48,585:INFO:SubProcess create_model() called ==================================
2021-04-21 16:08:48,586:INFO:Initializing create_model()
2021-04-21 16:08:48,586:INFO:create_model(estimator=knn, fold=StratifiedKFold(n_splits=10, random_state=None, shuffle=False), round=4, cross_validation=True, predict=True, fit_kwargs={}, groups=None, refit=False, verbose=False, system=False, metrics=None, display=<pycaret.internal.Display.Display object at 0x000002750B2E1C40>, kwargs={})
2021-04-21 16:08:48,586:INFO:Checking exceptions
2021-04-21 16:08:48,586:INFO:Importing libraries
2021-04-21 16:08:48,586:INFO:Copying training dataset
2021-04-21 16:08:48,588:INFO:Defining folds
2021-04-21 16:08:48,589:INFO:Declaring metric variables
2021-04-21 16:08:48,595:INFO:Importing untrained model
2021-04-21 16:08:48,601:INFO:K Neighbors Classifier Imported succesfully
2021-04-21 16:08:48,613:INFO:Starting cross validation
2021-04-21 16:08:48,613:INFO:Cross validating with StratifiedKFold(n_splits=10, random_state=None, shuffle=False), n_jobs=-1
2021-04-21 16:09:01,738:INFO:Calculating mean and std
2021-04-21 16:09:01,738:INFO:Creating metrics dataframe
2021-04-21 16:09:01,738:INFO:Uploading results into container
2021-04-21 16:09:01,738:INFO:Uploading model into container now
2021-04-21 16:09:01,738:INFO:create_model_container: 2
2021-04-21 16:09:01,738:INFO:master_model_container: 2
2021-04-21 16:09:01,738:INFO:display_container: 2
2021-04-21 16:09:01,738:INFO:KNeighborsClassifier(algorithm='auto', leaf_size=30, metric='minkowski',
                     metric_params=None, n_jobs=-1, n_neighbors=5, p=2,
                     weights='uniform')
2021-04-21 16:09:01,738:INFO:create_model() succesfully completed......................................
2021-04-21 16:09:01,800:INFO:SubProcess create_model() end ==================================
2021-04-21 16:09:01,800:INFO:Creating metrics dataframe
2021-04-21 16:09:01,820:INFO:Initializing Naive Bayes
2021-04-21 16:09:01,820:INFO:Total runtime is 0.5741591652234395 minutes
2021-04-21 16:09:01,820:INFO:SubProcess create_model() called ==================================
2021-04-21 16:09:01,820:INFO:Initializing create_model()
2021-04-21 16:09:01,820:INFO:create_model(estimator=nb, fold=StratifiedKFold(n_splits=10, random_state=None, shuffle=False), round=4, cross_validation=True, predict=True, fit_kwargs={}, groups=None, refit=False, verbose=False, system=False, metrics=None, display=<pycaret.internal.Display.Display object at 0x000002750B2E1C40>, kwargs={})
2021-04-21 16:09:01,820:INFO:Checking exceptions
2021-04-21 16:09:01,820:INFO:Importing libraries
2021-04-21 16:09:01,820:INFO:Copying training dataset
2021-04-21 16:09:01,820:INFO:Defining folds
2021-04-21 16:09:01,820:INFO:Declaring metric variables
2021-04-21 16:09:01,836:INFO:Importing untrained model
2021-04-21 16:09:01,836:INFO:Naive Bayes Imported succesfully
2021-04-21 16:09:01,851:INFO:Starting cross validation
2021-04-21 16:09:01,851:INFO:Cross validating with StratifiedKFold(n_splits=10, random_state=None, shuffle=False), n_jobs=-1
2021-04-21 16:09:02,499:INFO:Calculating mean and std
2021-04-21 16:09:02,502:INFO:Creating metrics dataframe
2021-04-21 16:09:02,518:INFO:Uploading results into container
2021-04-21 16:09:02,519:INFO:Uploading model into container now
2021-04-21 16:09:02,520:INFO:create_model_container: 3
2021-04-21 16:09:02,520:INFO:master_model_container: 3
2021-04-21 16:09:02,520:INFO:display_container: 2
2021-04-21 16:09:02,521:INFO:GaussianNB(priors=None, var_smoothing=1e-09)
2021-04-21 16:09:02,522:INFO:create_model() succesfully completed......................................
2021-04-21 16:09:02,605:INFO:SubProcess create_model() end ==================================
2021-04-21 16:09:02,605:INFO:Creating metrics dataframe
2021-04-21 16:09:02,618:INFO:Initializing Decision Tree Classifier
2021-04-21 16:09:02,618:INFO:Total runtime is 0.587451148033142 minutes
2021-04-21 16:09:02,625:INFO:SubProcess create_model() called ==================================
2021-04-21 16:09:02,625:INFO:Initializing create_model()
2021-04-21 16:09:02,625:INFO:create_model(estimator=dt, fold=StratifiedKFold(n_splits=10, random_state=None, shuffle=False), round=4, cross_validation=True, predict=True, fit_kwargs={}, groups=None, refit=False, verbose=False, system=False, metrics=None, display=<pycaret.internal.Display.Display object at 0x000002750B2E1C40>, kwargs={})
2021-04-21 16:09:02,625:INFO:Checking exceptions
2021-04-21 16:09:02,625:INFO:Importing libraries
2021-04-21 16:09:02,625:INFO:Copying training dataset
2021-04-21 16:09:02,628:INFO:Defining folds
2021-04-21 16:09:02,628:INFO:Declaring metric variables
2021-04-21 16:09:02,634:INFO:Importing untrained model
2021-04-21 16:09:02,641:INFO:Decision Tree Classifier Imported succesfully
2021-04-21 16:09:02,653:INFO:Starting cross validation
2021-04-21 16:09:02,654:INFO:Cross validating with StratifiedKFold(n_splits=10, random_state=None, shuffle=False), n_jobs=-1
2021-04-21 16:09:09,425:INFO:Calculating mean and std
2021-04-21 16:09:09,425:INFO:Creating metrics dataframe
2021-04-21 16:09:09,425:INFO:Uploading results into container
2021-04-21 16:09:09,425:INFO:Uploading model into container now
2021-04-21 16:09:09,425:INFO:create_model_container: 4
2021-04-21 16:09:09,425:INFO:master_model_container: 4
2021-04-21 16:09:09,425:INFO:display_container: 2
2021-04-21 16:09:09,425:INFO:DecisionTreeClassifier(ccp_alpha=0.0, class_weight=None, criterion='gini',
                       max_depth=None, max_features=None, max_leaf_nodes=None,
                       min_impurity_decrease=0.0, min_impurity_split=None,
                       min_samples_leaf=1, min_samples_split=2,
                       min_weight_fraction_leaf=0.0, presort='deprecated',
                       random_state=1857, splitter='best')
2021-04-21 16:09:09,425:INFO:create_model() succesfully completed......................................
2021-04-21 16:09:09,476:INFO:SubProcess create_model() end ==================================
2021-04-21 16:09:09,476:INFO:Creating metrics dataframe
2021-04-21 16:09:09,491:INFO:Initializing SVM - Linear Kernel
2021-04-21 16:09:09,491:INFO:Total runtime is 0.7020140687624613 minutes
2021-04-21 16:09:09,491:INFO:SubProcess create_model() called ==================================
2021-04-21 16:09:09,491:INFO:Initializing create_model()
2021-04-21 16:09:09,491:INFO:create_model(estimator=svm, fold=StratifiedKFold(n_splits=10, random_state=None, shuffle=False), round=4, cross_validation=True, predict=True, fit_kwargs={}, groups=None, refit=False, verbose=False, system=False, metrics=None, display=<pycaret.internal.Display.Display object at 0x000002750B2E1C40>, kwargs={})
2021-04-21 16:09:09,491:INFO:Checking exceptions
2021-04-21 16:09:09,491:INFO:Importing libraries
2021-04-21 16:09:09,491:INFO:Copying training dataset
2021-04-21 16:09:09,507:INFO:Defining folds
2021-04-21 16:09:09,507:INFO:Declaring metric variables
2021-04-21 16:09:09,507:INFO:Importing untrained model
2021-04-21 16:09:09,523:INFO:SVM - Linear Kernel Imported succesfully
2021-04-21 16:09:09,523:INFO:Starting cross validation
2021-04-21 16:09:09,523:INFO:Cross validating with StratifiedKFold(n_splits=10, random_state=None, shuffle=False), n_jobs=-1
2021-04-21 16:09:13,493:INFO:Calculating mean and std
2021-04-21 16:09:13,497:INFO:Creating metrics dataframe
2021-04-21 16:09:13,511:INFO:Uploading results into container
2021-04-21 16:09:13,511:INFO:Uploading model into container now
2021-04-21 16:09:13,512:INFO:create_model_container: 5
2021-04-21 16:09:13,512:INFO:master_model_container: 5
2021-04-21 16:09:13,512:INFO:display_container: 2
2021-04-21 16:09:13,513:INFO:SGDClassifier(alpha=0.0001, average=False, class_weight=None,
              early_stopping=False, epsilon=0.1, eta0=0.001, fit_intercept=True,
              l1_ratio=0.15, learning_rate='optimal', loss='hinge',
              max_iter=1000, n_iter_no_change=5, n_jobs=-1, penalty='l2',
              power_t=0.5, random_state=1857, shuffle=True, tol=0.001,
              validation_fraction=0.1, verbose=0, warm_start=False)
2021-04-21 16:09:13,513:INFO:create_model() succesfully completed......................................
2021-04-21 16:09:13,572:INFO:SubProcess create_model() end ==================================
2021-04-21 16:09:13,573:INFO:Creating metrics dataframe
2021-04-21 16:09:13,587:INFO:Initializing Ridge Classifier
2021-04-21 16:09:13,587:INFO:Total runtime is 0.7702800631523132 minutes
2021-04-21 16:09:13,593:INFO:SubProcess create_model() called ==================================
2021-04-21 16:09:13,593:INFO:Initializing create_model()
2021-04-21 16:09:13,594:INFO:create_model(estimator=ridge, fold=StratifiedKFold(n_splits=10, random_state=None, shuffle=False), round=4, cross_validation=True, predict=True, fit_kwargs={}, groups=None, refit=False, verbose=False, system=False, metrics=None, display=<pycaret.internal.Display.Display object at 0x000002750B2E1C40>, kwargs={})
2021-04-21 16:09:13,594:INFO:Checking exceptions
2021-04-21 16:09:13,594:INFO:Importing libraries
2021-04-21 16:09:13,594:INFO:Copying training dataset
2021-04-21 16:09:13,597:INFO:Defining folds
2021-04-21 16:09:13,597:INFO:Declaring metric variables
2021-04-21 16:09:13,603:INFO:Importing untrained model
2021-04-21 16:09:13,609:INFO:Ridge Classifier Imported succesfully
2021-04-21 16:09:13,621:INFO:Starting cross validation
2021-04-21 16:09:13,621:INFO:Cross validating with StratifiedKFold(n_splits=10, random_state=None, shuffle=False), n_jobs=-1
2021-04-21 16:09:14,318:INFO:Calculating mean and std
2021-04-21 16:09:14,321:INFO:Creating metrics dataframe
2021-04-21 16:09:14,336:INFO:Uploading results into container
2021-04-21 16:09:14,336:INFO:Uploading model into container now
2021-04-21 16:09:14,336:INFO:create_model_container: 6
2021-04-21 16:09:14,336:INFO:master_model_container: 6
2021-04-21 16:09:14,337:INFO:display_container: 2
2021-04-21 16:09:14,338:INFO:RidgeClassifier(alpha=1.0, class_weight=None, copy_X=True, fit_intercept=True,
                max_iter=None, normalize=False, random_state=1857,
                solver='auto', tol=0.001)
2021-04-21 16:09:14,339:INFO:create_model() succesfully completed......................................
2021-04-21 16:09:14,418:INFO:SubProcess create_model() end ==================================
2021-04-21 16:09:14,418:INFO:Creating metrics dataframe
2021-04-21 16:09:14,433:INFO:Initializing Random Forest Classifier
2021-04-21 16:09:14,433:INFO:Total runtime is 0.7843810677528381 minutes
2021-04-21 16:09:14,440:INFO:SubProcess create_model() called ==================================
2021-04-21 16:09:14,440:INFO:Initializing create_model()
2021-04-21 16:09:14,440:INFO:create_model(estimator=rf, fold=StratifiedKFold(n_splits=10, random_state=None, shuffle=False), round=4, cross_validation=True, predict=True, fit_kwargs={}, groups=None, refit=False, verbose=False, system=False, metrics=None, display=<pycaret.internal.Display.Display object at 0x000002750B2E1C40>, kwargs={})
2021-04-21 16:09:14,440:INFO:Checking exceptions
2021-04-21 16:09:14,440:INFO:Importing libraries
2021-04-21 16:09:14,440:INFO:Copying training dataset
2021-04-21 16:09:14,444:INFO:Defining folds
2021-04-21 16:09:14,444:INFO:Declaring metric variables
2021-04-21 16:09:14,452:INFO:Importing untrained model
2021-04-21 16:09:14,459:INFO:Random Forest Classifier Imported succesfully
2021-04-21 16:09:14,472:INFO:Starting cross validation
2021-04-21 16:09:14,472:INFO:Cross validating with StratifiedKFold(n_splits=10, random_state=None, shuffle=False), n_jobs=-1
